[debug] [2019-09-30T15:09:18.889Z] ----------------------------------------------------------------------
[debug] [2019-09-30T15:09:18.891Z] Command:       /usr/bin/node /usr/bin/firebase deploy --only functions
[debug] [2019-09-30T15:09:18.891Z] CLI Version:   7.4.0
[debug] [2019-09-30T15:09:18.891Z] Platform:      linux
[debug] [2019-09-30T15:09:18.891Z] Node Version:  v10.16.3
[debug] [2019-09-30T15:09:18.891Z] Time:          Mon Sep 30 2019 17:09:18 GMT+0200 (heure d’été d’Europe centrale)
[debug] [2019-09-30T15:09:18.891Z] ----------------------------------------------------------------------
[debug] 
[debug] [2019-09-30T15:09:18.896Z] > command requires scopes: ["email","openid","https://www.googleapis.com/auth/cloudplatformprojects.readonly","https://www.googleapis.com/auth/firebase","https://www.googleapis.com/auth/cloud-platform"]
[debug] [2019-09-30T15:09:18.896Z] > authorizing via signed-in user
[debug] [2019-09-30T15:09:18.896Z] [iam] checking project main-repo for permissions ["cloudfunctions.functions.create","cloudfunctions.functions.delete","cloudfunctions.functions.get","cloudfunctions.functions.list","cloudfunctions.functions.update","cloudfunctions.operations.get","firebase.projects.get"]
[debug] [2019-09-30T15:09:18.898Z] >>> HTTP REQUEST POST https://cloudresourcemanager.googleapis.com/v1/projects/main-repo:testIamPermissions  

[debug] [2019-09-30T15:09:20.033Z] <<< HTTP RESPONSE 200
[info] 
[info] === Deploying to 'main-repo'...
[info] 
[info] i  deploying functions
[debug] [2019-09-30T15:09:21.090Z] > [functions] package.json contents: {
  "name": "functions",
  "description": "Cloud Functions for Firebase",
  "scripts": {
    "serve": "firebase serve --only functions",
    "shell": "firebase functions:shell",
    "start": "npm run shell",
    "deploy": "firebase deploy --only functions",
    "logs": "firebase functions:log"
  },
  "engines": {
    "node": "8"
  },
  "dependencies": {
    "firebase-admin": "^8.0.0",
    "firebase-functions": "^3.1.0",
    "nodemailer": "^6.3.0"
  },
  "devDependencies": {
    "firebase-functions-test": "^0.1.6"
  },
  "private": true
}
[info] i  functions: ensuring necessary APIs are enabled...
[debug] [2019-09-30T15:09:21.092Z] >>> HTTP REQUEST GET https://serviceusage.googleapis.com/v1/projects/main-repo/services/cloudfunctions.googleapis.com  
 
[debug] [2019-09-30T15:09:21.093Z] >>> HTTP REQUEST GET https://serviceusage.googleapis.com/v1/projects/main-repo/services/runtimeconfig.googleapis.com  
 
